<?xml version="1.0" encoding="UTF-8"?>
<!-- Generated by org.testng.reporters.JUnitXMLReporter -->
<testsuite ignored="0" hostname="jeevi" failures="1" tests="1" name="Check User Role test case" time="15.018" errors="0" timestamp="2023-08-15T15:29:40 IST">
  <testcase classname="testcases.TestUserRole" name="checkUserRole" time="14.969">
    <failure type="java.lang.AssertionError" message="expected [ESS] but found [Admin]">
      <![CDATA[java.lang.AssertionError: expected [ESS] but found [Admin]
at testcases.TestUserRole.checkUserRole(TestUserRole.java:50)
at java.base/java.util.ArrayList.forEach(ArrayList.java:1511)
... Removed 33 stack frames]]>
    </failure>
  </testcase> <!-- checkUserRole -->
</testsuite> <!-- Check User Role test case -->
